1578940281627	mozrunner::runner	INFO	Running command: "/Applications/Firefox.app/Contents/MacOS/firefox-bin" "-marionette" "-foreground" "-no-remote" "-profile" "/var/folders/vn/b_jwflws4wd0_mgj17rsrkv00000gn/T/rust_mozprofileNR4zEq"
1578940282767	addons.webextension.screenshots@mozilla.org	WARN	Loading extension 'screenshots@mozilla.org': Reading manifest: Invalid extension permission: mozillaAddons
1578940282768	addons.webextension.screenshots@mozilla.org	WARN	Loading extension 'screenshots@mozilla.org': Reading manifest: Invalid extension permission: telemetry
1578940282768	addons.webextension.screenshots@mozilla.org	WARN	Loading extension 'screenshots@mozilla.org': Reading manifest: Invalid extension permission: resource://pdf.js/
1578940282768	addons.webextension.screenshots@mozilla.org	WARN	Loading extension 'screenshots@mozilla.org': Reading manifest: Invalid extension permission: about:reader*
1578940284508	Marionette	INFO	Listening on port 58780
1578940284574	Marionette	WARN	TLS certificate errors will be ignored for this session
JavaScript error: , line 0: TypeError: NetworkError when attempting to fetch resource.
JavaScript error: chrome://global/content/elements/browser-custom-element.js, line 1336: uncaught exception: 2147500033
JavaScript error: chrome://global/content/elements/browser-custom-element.js, line 1336: uncaught exception: 2147500033
JavaScript error: resource://devtools/server/actors/emulation.js, line 372: TypeError: this.targetActor.docShell is null
Handler function JSPropertyProvider threw an exception: TypeError: properties.shift(...).trim is not a function
Stack: JSPropertyProvider@resource://devtools/shared/webconsole/js-property-provider.js:252:40
exports.makeInfallible/<@resource://devtools/shared/ThreadSafeDevToolsUtils.js:111:22
autocomplete@resource://devtools/server/actors/webconsole.js:1390:40
handler@resource://devtools/shared/protocol/Actor.js:154:37
onPacket@resource://devtools/server/debugger-server-connection.js:378:58
receiveMessage@resource://devtools/shared/transport/child-transport.js:66:16
Line: 252, column: 40
console.error: (new TypeError("properties.shift(...).trim is not a function", "resource://devtools/shared/webconsole/js-property-provider.js", 252))
console.error: "Error while calling actor 'console's method 'autocomplete'" "result is undefined"
console.error: "autocomplete@resource://devtools/server/actors/webconsole.js:1413:7\nhandler@resource://devtools/shared/protocol/Actor.js:154:37\nonPacket@resource://devtools/server/debugger-server-connection.js:378:58\nreceiveMessage@resource://devtools/shared/transport/child-transport.js:66:16\n"
console.error: "failed autocomplete" "Protocol error (unknownError): result is undefined"
Handler function JSPropertyProvider threw an exception: TypeError: properties.shift(...).trim is not a function
Stack: JSPropertyProvider@resource://devtools/shared/webconsole/js-property-provider.js:252:40
exports.makeInfallible/<@resource://devtools/shared/ThreadSafeDevToolsUtils.js:111:22
autocomplete@resource://devtools/server/actors/webconsole.js:1390:40
handler@resource://devtools/shared/protocol/Actor.js:154:37
onPacket@resource://devtools/server/debugger-server-connection.js:378:58
receiveMessage@resource://devtools/shared/transport/child-transport.js:66:16
Line: 252, column: 40
console.error: (new TypeError("properties.shift(...).trim is not a function", "resource://devtools/shared/webconsole/js-property-provider.js", 252))
console.error: "Error while calling actor 'console's method 'autocomplete'" "result is undefined"
console.error: "autocomplete@resource://devtools/server/actors/webconsole.js:1413:7\nhandler@resource://devtools/shared/protocol/Actor.js:154:37\nonPacket@resource://devtools/server/debugger-server-connection.js:378:58\nreceiveMessage@resource://devtools/shared/transport/child-transport.js:66:16\n"
console.error: "failed autocomplete" "Protocol error (unknownError): result is undefined"
Handler function JSPropertyProvider threw an exception: TypeError: properties.shift(...).trim is not a function
Stack: JSPropertyProvider@resource://devtools/shared/webconsole/js-property-provider.js:252:40
exports.makeInfallible/<@resource://devtools/shared/ThreadSafeDevToolsUtils.js:111:22
autocomplete@resource://devtools/server/actors/webconsole.js:1390:40
handler@resource://devtools/shared/protocol/Actor.js:154:37
onPacket@resource://devtools/server/debugger-server-connection.js:378:58
receiveMessage@resource://devtools/shared/transport/child-transport.js:66:16
Line: 252, column: 40
console.error: (new TypeError("properties.shift(...).trim is not a function", "resource://devtools/shared/webconsole/js-property-provider.js", 252))
console.error: "Error while calling actor 'console's method 'autocomplete'" "result is undefined"
console.error: "autocomplete@resource://devtools/server/actors/webconsole.js:1413:7\nhandler@resource://devtools/shared/protocol/Actor.js:154:37\nonPacket@resource://devtools/server/debugger-server-connection.js:378:58\nreceiveMessage@resource://devtools/shared/transport/child-transport.js:66:16\n"
console.error: "failed autocomplete" "Protocol error (unknownError): result is undefined"
Handler function JSPropertyProvider threw an exception: TypeError: properties.shift(...).trim is not a function
Stack: JSPropertyProvider@resource://devtools/shared/webconsole/js-property-provider.js:252:40
exports.makeInfallible/<@resource://devtools/shared/ThreadSafeDevToolsUtils.js:111:22
autocomplete@resource://devtools/server/actors/webconsole.js:1390:40
handler@resource://devtools/shared/protocol/Actor.js:154:37
onPacket@resource://devtools/server/debugger-server-connection.js:378:58
receiveMessage@resource://devtools/shared/transport/child-transport.js:66:16
Line: 252, column: 40
console.error: (new TypeError("properties.shift(...).trim is not a function", "resource://devtools/shared/webconsole/js-property-provider.js", 252))
console.error: "Error while calling actor 'console's method 'autocomplete'" "result is undefined"
console.error: "autocomplete@resource://devtools/server/actors/webconsole.js:1413:7\nhandler@resource://devtools/shared/protocol/Actor.js:154:37\nonPacket@resource://devtools/server/debugger-server-connection.js:378:58\nreceiveMessage@resource://devtools/shared/transport/child-transport.js:66:16\n"
console.error: "failed autocomplete" "Protocol error (unknownError): result is undefined"
Handler function JSPropertyProvider threw an exception: TypeError: properties.shift(...).trim is not a function
Stack: JSPropertyProvider@resource://devtools/shared/webconsole/js-property-provider.js:252:40
exports.makeInfallible/<@resource://devtools/shared/ThreadSafeDevToolsUtils.js:111:22
autocomplete@resource://devtools/server/actors/webconsole.js:1390:40
handler@resource://devtools/shared/protocol/Actor.js:154:37
onPacket@resource://devtools/server/debugger-server-connection.js:378:58
receiveMessage@resource://devtools/shared/transport/child-transport.js:66:16
Line: 252, column: 40
console.error: (new TypeError("properties.shift(...).trim is not a function", "resource://devtools/shared/webconsole/js-property-provider.js", 252))
console.error: "Error while calling actor 'console's method 'autocomplete'" "result is undefined"
console.error: "autocomplete@resource://devtools/server/actors/webconsole.js:1413:7\nhandler@resource://devtools/shared/protocol/Actor.js:154:37\nonPacket@resource://devtools/server/debugger-server-connection.js:378:58\nreceiveMessage@resource://devtools/shared/transport/child-transport.js:66:16\n"
console.error: "failed autocomplete" "Protocol error (unknownError): result is undefined"
Handler function JSPropertyProvider threw an exception: TypeError: properties.shift(...).trim is not a function
Stack: JSPropertyProvider@resource://devtools/shared/webconsole/js-property-provider.js:252:40
exports.makeInfallible/<@resource://devtools/shared/ThreadSafeDevToolsUtils.js:111:22
autocomplete@resource://devtools/server/actors/webconsole.js:1390:40
handler@resource://devtools/shared/protocol/Actor.js:154:37
onPacket@resource://devtools/server/debugger-server-connection.js:378:58
receiveMessage@resource://devtools/shared/transport/child-transport.js:66:16
Line: 252, column: 40
console.error: (new TypeError("properties.shift(...).trim is not a function", "resource://devtools/shared/webconsole/js-property-provider.js", 252))
console.error: "Error while calling actor 'console's method 'autocomplete'" "result is undefined"
console.error: "autocomplete@resource://devtools/server/actors/webconsole.js:1413:7\nhandler@resource://devtools/shared/protocol/Actor.js:154:37\nonPacket@resource://devtools/server/debugger-server-connection.js:378:58\nreceiveMessage@resource://devtools/shared/transport/child-transport.js:66:16\n"
console.error: "failed autocomplete" "Protocol error (unknownError): result is undefined"
Handler function JSPropertyProvider threw an exception: TypeError: properties.shift(...).trim is not a function
Stack: JSPropertyProvider@resource://devtools/shared/webconsole/js-property-provider.js:252:40
exports.makeInfallible/<@resource://devtools/shared/ThreadSafeDevToolsUtils.js:111:22
autocomplete@resource://devtools/server/actors/webconsole.js:1390:40
handler@resource://devtools/shared/protocol/Actor.js:154:37
onPacket@resource://devtools/server/debugger-server-connection.js:378:58
receiveMessage@resource://devtools/shared/transport/child-transport.js:66:16
Line: 252, column: 40
console.error: (new TypeError("properties.shift(...).trim is not a function", "resource://devtools/shared/webconsole/js-property-provider.js", 252))
console.error: "Error while calling actor 'console's method 'autocomplete'" "result is undefined"
console.error: "autocomplete@resource://devtools/server/actors/webconsole.js:1413:7\nhandler@resource://devtools/shared/protocol/Actor.js:154:37\nonPacket@resource://devtools/server/debugger-server-connection.js:378:58\nreceiveMessage@resource://devtools/shared/transport/child-transport.js:66:16\n"
console.error: "failed autocomplete" "Protocol error (unknownError): result is undefined"
Handler function JSPropertyProvider threw an exception: TypeError: properties.shift(...).trim is not a function
Stack: JSPropertyProvider@resource://devtools/shared/webconsole/js-property-provider.js:252:40
exports.makeInfallible/<@resource://devtools/shared/ThreadSafeDevToolsUtils.js:111:22
autocomplete@resource://devtools/server/actors/webconsole.js:1390:40
handler@resource://devtools/shared/protocol/Actor.js:154:37
onPacket@resource://devtools/server/debugger-server-connection.js:378:58
receiveMessage@resource://devtools/shared/transport/child-transport.js:66:16
Line: 252, column: 40
console.error: (new TypeError("properties.shift(...).trim is not a function", "resource://devtools/shared/webconsole/js-property-provider.js", 252))
console.error: "Error while calling actor 'console's method 'autocomplete'" "result is undefined"
console.error: "autocomplete@resource://devtools/server/actors/webconsole.js:1413:7\nhandler@resource://devtools/shared/protocol/Actor.js:154:37\nonPacket@resource://devtools/server/debugger-server-connection.js:378:58\nreceiveMessage@resource://devtools/shared/transport/child-transport.js:66:16\n"
console.error: "failed autocomplete" "Protocol error (unknownError): result is undefined"
Handler function JSPropertyProvider threw an exception: TypeError: properties.shift(...).trim is not a function
Stack: JSPropertyProvider@resource://devtools/shared/webconsole/js-property-provider.js:252:40
exports.makeInfallible/<@resource://devtools/shared/ThreadSafeDevToolsUtils.js:111:22
autocomplete@resource://devtools/server/actors/webconsole.js:1390:40
handler@resource://devtools/shared/protocol/Actor.js:154:37
onPacket@resource://devtools/server/debugger-server-connection.js:378:58
receiveMessage@resource://devtools/shared/transport/child-transport.js:66:16
Line: 252, column: 40
console.error: (new TypeError("properties.shift(...).trim is not a function", "resource://devtools/shared/webconsole/js-property-provider.js", 252))
console.error: "Error while calling actor 'console's method 'autocomplete'" "result is undefined"
console.error: "autocomplete@resource://devtools/server/actors/webconsole.js:1413:7\nhandler@resource://devtools/shared/protocol/Actor.js:154:37\nonPacket@resource://devtools/server/debugger-server-connection.js:378:58\nreceiveMessage@resource://devtools/shared/transport/child-transport.js:66:16\n"
console.error: "failed autocomplete" "Protocol error (unknownError): result is undefined"
Handler function JSPropertyProvider threw an exception: TypeError: properties.shift(...).trim is not a function
Stack: JSPropertyProvider@resource://devtools/shared/webconsole/js-property-provider.js:252:40
exports.makeInfallible/<@resource://devtools/shared/ThreadSafeDevToolsUtils.js:111:22
autocomplete@resource://devtools/server/actors/webconsole.js:1390:40
handler@resource://devtools/shared/protocol/Actor.js:154:37
onPacket@resource://devtools/server/debugger-server-connection.js:378:58
receiveMessage@resource://devtools/shared/transport/child-transport.js:66:16
Line: 252, column: 40
console.error: (new TypeError("properties.shift(...).trim is not a function", "resource://devtools/shared/webconsole/js-property-provider.js", 252))
console.error: "Error while calling actor 'console's method 'autocomplete'" "result is undefined"
console.error: "autocomplete@resource://devtools/server/actors/webconsole.js:1413:7\nhandler@resource://devtools/shared/protocol/Actor.js:154:37\nonPacket@resource://devtools/server/debugger-server-connection.js:378:58\nreceiveMessage@resource://devtools/shared/transport/child-transport.js:66:16\n"
console.error: "failed autocomplete" "Protocol error (unknownError): result is undefined"
Handler function JSPropertyProvider threw an exception: TypeError: properties.shift(...).trim is not a function
Stack: JSPropertyProvider@resource://devtools/shared/webconsole/js-property-provider.js:252:40
exports.makeInfallible/<@resource://devtools/shared/ThreadSafeDevToolsUtils.js:111:22
autocomplete@resource://devtools/server/actors/webconsole.js:1390:40
handler@resource://devtools/shared/protocol/Actor.js:154:37
onPacket@resource://devtools/server/debugger-server-connection.js:378:58
receiveMessage@resource://devtools/shared/transport/child-transport.js:66:16
Line: 252, column: 40
console.error: (new TypeError("properties.shift(...).trim is not a function", "resource://devtools/shared/webconsole/js-property-provider.js", 252))
console.error: "Error while calling actor 'console's method 'autocomplete'" "result is undefined"
console.error: "autocomplete@resource://devtools/server/actors/webconsole.js:1413:7\nhandler@resource://devtools/shared/protocol/Actor.js:154:37\nonPacket@resource://devtools/server/debugger-server-connection.js:378:58\nreceiveMessage@resource://devtools/shared/transport/child-transport.js:66:16\n"
console.error: "failed autocomplete" "Protocol error (unknownError): result is undefined"
Handler function JSPropertyProvider threw an exception: TypeError: properties.shift(...).trim is not a function
Stack: JSPropertyProvider@resource://devtools/shared/webconsole/js-property-provider.js:252:40
exports.makeInfallible/<@resource://devtools/shared/ThreadSafeDevToolsUtils.js:111:22
autocomplete@resource://devtools/server/actors/webconsole.js:1390:40
handler@resource://devtools/shared/protocol/Actor.js:154:37
onPacket@resource://devtools/server/debugger-server-connection.js:378:58
receiveMessage@resource://devtools/shared/transport/child-transport.js:66:16
Line: 252, column: 40
console.error: (new TypeError("properties.shift(...).trim is not a function", "resource://devtools/shared/webconsole/js-property-provider.js", 252))
console.error: "Error while calling actor 'console's method 'autocomplete'" "result is undefined"
console.error: "autocomplete@resource://devtools/server/actors/webconsole.js:1413:7\nhandler@resource://devtools/shared/protocol/Actor.js:154:37\nonPacket@resource://devtools/server/debugger-server-connection.js:378:58\nreceiveMessage@resource://devtools/shared/transport/child-transport.js:66:16\n"
console.error: "failed autocomplete" "Protocol error (unknownError): result is undefined"
Handler function JSPropertyProvider threw an exception: TypeError: properties.shift(...).trim is not a function
Stack: JSPropertyProvider@resource://devtools/shared/webconsole/js-property-provider.js:252:40
exports.makeInfallible/<@resource://devtools/shared/ThreadSafeDevToolsUtils.js:111:22
autocomplete@resource://devtools/server/actors/webconsole.js:1390:40
handler@resource://devtools/shared/protocol/Actor.js:154:37
onPacket@resource://devtools/server/debugger-server-connection.js:378:58
receiveMessage@resource://devtools/shared/transport/child-transport.js:66:16
Line: 252, column: 40
console.error: (new TypeError("properties.shift(...).trim is not a function", "resource://devtools/shared/webconsole/js-property-provider.js", 252))
console.error: "Error while calling actor 'console's method 'autocomplete'" "result is undefined"
console.error: "autocomplete@resource://devtools/server/actors/webconsole.js:1413:7\nhandler@resource://devtools/shared/protocol/Actor.js:154:37\nonPacket@resource://devtools/server/debugger-server-connection.js:378:58\nreceiveMessage@resource://devtools/shared/transport/child-transport.js:66:16\n"
console.error: "failed autocomplete" "Protocol error (unknownError): result is undefined"
Handler function JSPropertyProvider threw an exception: TypeError: properties.shift(...).trim is not a function
Stack: JSPropertyProvider@resource://devtools/shared/webconsole/js-property-provider.js:252:40
exports.makeInfallible/<@resource://devtools/shared/ThreadSafeDevToolsUtils.js:111:22
autocomplete@resource://devtools/server/actors/webconsole.js:1390:40
handler@resource://devtools/shared/protocol/Actor.js:154:37
onPacket@resource://devtools/server/debugger-server-connection.js:378:58
receiveMessage@resource://devtools/shared/transport/child-transport.js:66:16
Line: 252, column: 40
console.error: (new TypeError("properties.shift(...).trim is not a function", "resource://devtools/shared/webconsole/js-property-provider.js", 252))
console.error: "Error while calling actor 'console's method 'autocomplete'" "result is undefined"
console.error: "autocomplete@resource://devtools/server/actors/webconsole.js:1413:7\nhandler@resource://devtools/shared/protocol/Actor.js:154:37\nonPacket@resource://devtools/server/debugger-server-connection.js:378:58\nreceiveMessage@resource://devtools/shared/transport/child-transport.js:66:16\n"
console.error: "failed autocomplete" "Protocol error (unknownError): result is undefined"
Handler function JSPropertyProvider threw an exception: TypeError: properties.shift(...).trim is not a function
Stack: JSPropertyProvider@resource://devtools/shared/webconsole/js-property-provider.js:252:40
exports.makeInfallible/<@resource://devtools/shared/ThreadSafeDevToolsUtils.js:111:22
autocomplete@resource://devtools/server/actors/webconsole.js:1390:40
handler@resource://devtools/shared/protocol/Actor.js:154:37
onPacket@resource://devtools/server/debugger-server-connection.js:378:58
receiveMessage@resource://devtools/shared/transport/child-transport.js:66:16
Line: 252, column: 40
console.error: (new TypeError("properties.shift(...).trim is not a function", "resource://devtools/shared/webconsole/js-property-provider.js", 252))
console.error: "Error while calling actor 'console's method 'autocomplete'" "result is undefined"
console.error: "autocomplete@resource://devtools/server/actors/webconsole.js:1413:7\nhandler@resource://devtools/shared/protocol/Actor.js:154:37\nonPacket@resource://devtools/server/debugger-server-connection.js:378:58\nreceiveMessage@resource://devtools/shared/transport/child-transport.js:66:16\n"
console.error: "failed autocomplete" "Protocol error (unknownError): result is undefined"
Handler function JSPropertyProvider threw an exception: TypeError: properties.shift(...).trim is not a function
Stack: JSPropertyProvider@resource://devtools/shared/webconsole/js-property-provider.js:252:40
exports.makeInfallible/<@resource://devtools/shared/ThreadSafeDevToolsUtils.js:111:22
autocomplete@resource://devtools/server/actors/webconsole.js:1390:40
handler@resource://devtools/shared/protocol/Actor.js:154:37
onPacket@resource://devtools/server/debugger-server-connection.js:378:58
receiveMessage@resource://devtools/shared/transport/child-transport.js:66:16
Line: 252, column: 40
console.error: (new TypeError("properties.shift(...).trim is not a function", "resource://devtools/shared/webconsole/js-property-provider.js", 252))
console.error: "Error while calling actor 'console's method 'autocomplete'" "result is undefined"
console.error: "autocomplete@resource://devtools/server/actors/webconsole.js:1413:7\nhandler@resource://devtools/shared/protocol/Actor.js:154:37\nonPacket@resource://devtools/server/debugger-server-connection.js:378:58\nreceiveMessage@resource://devtools/shared/transport/child-transport.js:66:16\n"
console.error: "failed autocomplete" "Protocol error (unknownError): result is undefined"
Handler function JSPropertyProvider threw an exception: TypeError: properties.shift(...).trim is not a function
Stack: JSPropertyProvider@resource://devtools/shared/webconsole/js-property-provider.js:252:40
exports.makeInfallible/<@resource://devtools/shared/ThreadSafeDevToolsUtils.js:111:22
autocomplete@resource://devtools/server/actors/webconsole.js:1390:40
handler@resource://devtools/shared/protocol/Actor.js:154:37
onPacket@resource://devtools/server/debugger-server-connection.js:378:58
receiveMessage@resource://devtools/shared/transport/child-transport.js:66:16
Line: 252, column: 40
console.error: (new TypeError("properties.shift(...).trim is not a function", "resource://devtools/shared/webconsole/js-property-provider.js", 252))
console.error: "Error while calling actor 'console's method 'autocomplete'" "result is undefined"
console.error: "autocomplete@resource://devtools/server/actors/webconsole.js:1413:7\nhandler@resource://devtools/shared/protocol/Actor.js:154:37\nonPacket@resource://devtools/server/debugger-server-connection.js:378:58\nreceiveMessage@resource://devtools/shared/transport/child-transport.js:66:16\n"
console.error: "failed autocomplete" "Protocol error (unknownError): result is undefined"
Handler function JSPropertyProvider threw an exception: TypeError: properties.shift(...).trim is not a function
Stack: JSPropertyProvider@resource://devtools/shared/webconsole/js-property-provider.js:252:40
exports.makeInfallible/<@resource://devtools/shared/ThreadSafeDevToolsUtils.js:111:22
autocomplete@resource://devtools/server/actors/webconsole.js:1390:40
handler@resource://devtools/shared/protocol/Actor.js:154:37
onPacket@resource://devtools/server/debugger-server-connection.js:378:58
receiveMessage@resource://devtools/shared/transport/child-transport.js:66:16
Line: 252, column: 40
console.error: (new TypeError("properties.shift(...).trim is not a function", "resource://devtools/shared/webconsole/js-property-provider.js", 252))
console.error: "Error while calling actor 'console's method 'autocomplete'" "result is undefined"
console.error: "autocomplete@resource://devtools/server/actors/webconsole.js:1413:7\nhandler@resource://devtools/shared/protocol/Actor.js:154:37\nonPacket@resource://devtools/server/debugger-server-connection.js:378:58\nreceiveMessage@resource://devtools/shared/transport/child-transport.js:66:16\n"
console.error: "failed autocomplete" "Protocol error (unknownError): result is undefined"
Handler function JSPropertyProvider threw an exception: TypeError: properties.shift(...).trim is not a function
Stack: JSPropertyProvider@resource://devtools/shared/webconsole/js-property-provider.js:252:40
exports.makeInfallible/<@resource://devtools/shared/ThreadSafeDevToolsUtils.js:111:22
autocomplete@resource://devtools/server/actors/webconsole.js:1390:40
handler@resource://devtools/shared/protocol/Actor.js:154:37
onPacket@resource://devtools/server/debugger-server-connection.js:378:58
receiveMessage@resource://devtools/shared/transport/child-transport.js:66:16
Line: 252, column: 40
console.error: (new TypeError("properties.shift(...).trim is not a function", "resource://devtools/shared/webconsole/js-property-provider.js", 252))
console.error: "Error while calling actor 'console's method 'autocomplete'" "result is undefined"
console.error: "autocomplete@resource://devtools/server/actors/webconsole.js:1413:7\nhandler@resource://devtools/shared/protocol/Actor.js:154:37\nonPacket@resource://devtools/server/debugger-server-connection.js:378:58\nreceiveMessage@resource://devtools/shared/transport/child-transport.js:66:16\n"
console.error: "failed autocomplete" "Protocol error (unknownError): result is undefined"
Handler function JSPropertyProvider threw an exception: TypeError: properties.shift(...).trim is not a function
Stack: JSPropertyProvider@resource://devtools/shared/webconsole/js-property-provider.js:252:40
exports.makeInfallible/<@resource://devtools/shared/ThreadSafeDevToolsUtils.js:111:22
autocomplete@resource://devtools/server/actors/webconsole.js:1390:40
handler@resource://devtools/shared/protocol/Actor.js:154:37
onPacket@resource://devtools/server/debugger-server-connection.js:378:58
receiveMessage@resource://devtools/shared/transport/child-transport.js:66:16
Line: 252, column: 40
console.error: (new TypeError("properties.shift(...).trim is not a function", "resource://devtools/shared/webconsole/js-property-provider.js", 252))
console.error: "Error while calling actor 'console's method 'autocomplete'" "result is undefined"
console.error: "autocomplete@resource://devtools/server/actors/webconsole.js:1413:7\nhandler@resource://devtools/shared/protocol/Actor.js:154:37\nonPacket@resource://devtools/server/debugger-server-connection.js:378:58\nreceiveMessage@resource://devtools/shared/transport/child-transport.js:66:16\n"
console.error: "failed autocomplete" "Protocol error (unknownError): result is undefined"
1578941382522	mozrunner::runner	INFO	Running command: "/Applications/Firefox.app/Contents/MacOS/firefox-bin" "-marionette" "-foreground" "-no-remote" "-profile" "/var/folders/vn/b_jwflws4wd0_mgj17rsrkv00000gn/T/rust_mozprofile4nZcG3"
1578941382963	addons.webextension.screenshots@mozilla.org	WARN	Loading extension 'screenshots@mozilla.org': Reading manifest: Invalid extension permission: mozillaAddons
1578941382964	addons.webextension.screenshots@mozilla.org	WARN	Loading extension 'screenshots@mozilla.org': Reading manifest: Invalid extension permission: telemetry
1578941382964	addons.webextension.screenshots@mozilla.org	WARN	Loading extension 'screenshots@mozilla.org': Reading manifest: Invalid extension permission: resource://pdf.js/
1578941382964	addons.webextension.screenshots@mozilla.org	WARN	Loading extension 'screenshots@mozilla.org': Reading manifest: Invalid extension permission: about:reader*
1578941384207	Marionette	INFO	Listening on port 59311
1578941384270	Marionette	WARN	TLS certificate errors will be ignored for this session
JavaScript error: , line 0: TypeError: NetworkError when attempting to fetch resource.
1578941485347	mozrunner::runner	INFO	Running command: "/Applications/Firefox.app/Contents/MacOS/firefox-bin" "-marionette" "-foreground" "-no-remote" "-profile" "/var/folders/vn/b_jwflws4wd0_mgj17rsrkv00000gn/T/rust_mozprofileBvxSWP"
1578941485885	addons.webextension.screenshots@mozilla.org	WARN	Loading extension 'screenshots@mozilla.org': Reading manifest: Invalid extension permission: mozillaAddons
1578941485885	addons.webextension.screenshots@mozilla.org	WARN	Loading extension 'screenshots@mozilla.org': Reading manifest: Invalid extension permission: telemetry
1578941485885	addons.webextension.screenshots@mozilla.org	WARN	Loading extension 'screenshots@mozilla.org': Reading manifest: Invalid extension permission: resource://pdf.js/
1578941485885	addons.webextension.screenshots@mozilla.org	WARN	Loading extension 'screenshots@mozilla.org': Reading manifest: Invalid extension permission: about:reader*
1578941487180	Marionette	INFO	Listening on port 59416
1578941487195	Marionette	WARN	TLS certificate errors will be ignored for this session
JavaScript error: , line 0: TypeError: NetworkError when attempting to fetch resource.
1578941547257	mozrunner::runner	INFO	Running command: "/Applications/Firefox.app/Contents/MacOS/firefox-bin" "-marionette" "-foreground" "-no-remote" "-profile" "/var/folders/vn/b_jwflws4wd0_mgj17rsrkv00000gn/T/rust_mozprofile9RRuh3"
1578941547761	addons.webextension.screenshots@mozilla.org	WARN	Loading extension 'screenshots@mozilla.org': Reading manifest: Invalid extension permission: mozillaAddons
1578941547761	addons.webextension.screenshots@mozilla.org	WARN	Loading extension 'screenshots@mozilla.org': Reading manifest: Invalid extension permission: telemetry
1578941547761	addons.webextension.screenshots@mozilla.org	WARN	Loading extension 'screenshots@mozilla.org': Reading manifest: Invalid extension permission: resource://pdf.js/
1578941547761	addons.webextension.screenshots@mozilla.org	WARN	Loading extension 'screenshots@mozilla.org': Reading manifest: Invalid extension permission: about:reader*
1578941549040	Marionette	INFO	Listening on port 59527
1578941549108	Marionette	WARN	TLS certificate errors will be ignored for this session
JavaScript error: , line 0: TypeError: NetworkError when attempting to fetch resource.
1578941584960	mozrunner::runner	INFO	Running command: "/Applications/Firefox.app/Contents/MacOS/firefox-bin" "-marionette" "-foreground" "-no-remote" "-profile" "/var/folders/vn/b_jwflws4wd0_mgj17rsrkv00000gn/T/rust_mozprofilez4hjgO"
1578941585437	addons.webextension.screenshots@mozilla.org	WARN	Loading extension 'screenshots@mozilla.org': Reading manifest: Invalid extension permission: mozillaAddons
1578941585437	addons.webextension.screenshots@mozilla.org	WARN	Loading extension 'screenshots@mozilla.org': Reading manifest: Invalid extension permission: telemetry
1578941585437	addons.webextension.screenshots@mozilla.org	WARN	Loading extension 'screenshots@mozilla.org': Reading manifest: Invalid extension permission: resource://pdf.js/
1578941585437	addons.webextension.screenshots@mozilla.org	WARN	Loading extension 'screenshots@mozilla.org': Reading manifest: Invalid extension permission: about:reader*
1578941586731	Marionette	INFO	Listening on port 59620
1578941586805	Marionette	WARN	TLS certificate errors will be ignored for this session
JavaScript error: , line 0: TypeError: NetworkError when attempting to fetch resource.
1578941646040	mozrunner::runner	INFO	Running command: "/Applications/Firefox.app/Contents/MacOS/firefox-bin" "-marionette" "-foreground" "-no-remote" "-profile" "/var/folders/vn/b_jwflws4wd0_mgj17rsrkv00000gn/T/rust_mozprofilepflrbK"
1578941646571	addons.webextension.screenshots@mozilla.org	WARN	Loading extension 'screenshots@mozilla.org': Reading manifest: Invalid extension permission: mozillaAddons
1578941646571	addons.webextension.screenshots@mozilla.org	WARN	Loading extension 'screenshots@mozilla.org': Reading manifest: Invalid extension permission: telemetry
1578941646572	addons.webextension.screenshots@mozilla.org	WARN	Loading extension 'screenshots@mozilla.org': Reading manifest: Invalid extension permission: resource://pdf.js/
1578941646572	addons.webextension.screenshots@mozilla.org	WARN	Loading extension 'screenshots@mozilla.org': Reading manifest: Invalid extension permission: about:reader*
1578941647872	Marionette	INFO	Listening on port 59728
1578941647886	Marionette	WARN	TLS certificate errors will be ignored for this session
JavaScript error: , line 0: TypeError: NetworkError when attempting to fetch resource.
1578941733085	mozrunner::runner	INFO	Running command: "/Applications/Firefox.app/Contents/MacOS/firefox-bin" "-marionette" "-foreground" "-no-remote" "-profile" "/var/folders/vn/b_jwflws4wd0_mgj17rsrkv00000gn/T/rust_mozprofile0h4D42"
1578941733589	addons.webextension.screenshots@mozilla.org	WARN	Loading extension 'screenshots@mozilla.org': Reading manifest: Invalid extension permission: mozillaAddons
1578941733589	addons.webextension.screenshots@mozilla.org	WARN	Loading extension 'screenshots@mozilla.org': Reading manifest: Invalid extension permission: telemetry
1578941733589	addons.webextension.screenshots@mozilla.org	WARN	Loading extension 'screenshots@mozilla.org': Reading manifest: Invalid extension permission: resource://pdf.js/
1578941733589	addons.webextension.screenshots@mozilla.org	WARN	Loading extension 'screenshots@mozilla.org': Reading manifest: Invalid extension permission: about:reader*
1578941734878	Marionette	INFO	Listening on port 59873
1578941734936	Marionette	WARN	TLS certificate errors will be ignored for this session
JavaScript error: , line 0: TypeError: NetworkError when attempting to fetch resource.
1578941798878	Marionette	INFO	Stopped listening on port 59873
1578941801172	Marionette	INFO	Stopped listening on port 59620
1578941805423	Marionette	INFO	Stopped listening on port 59527
1578941807249	Marionette	INFO	Stopped listening on port 59416
1578941810696	Marionette	INFO	Stopped listening on port 59728
1578941813037	Marionette	INFO	Stopped listening on port 58780
1578941815255	Marionette	INFO	Stopped listening on port 59311
1578943374626	mozrunner::runner	INFO	Running command: "/Applications/Firefox.app/Contents/MacOS/firefox-bin" "-marionette" "-headless" "-foreground" "-no-remote" "-profile" "/var/folders/vn/b_jwflws4wd0_mgj17rsrkv00000gn/T/rust_mozprofile8dXYs8"
*** You are running in headless mode.
1578943374987	addons.webextension.screenshots@mozilla.org	WARN	Loading extension 'screenshots@mozilla.org': Reading manifest: Invalid extension permission: mozillaAddons
1578943374987	addons.webextension.screenshots@mozilla.org	WARN	Loading extension 'screenshots@mozilla.org': Reading manifest: Invalid extension permission: telemetry
1578943374987	addons.webextension.screenshots@mozilla.org	WARN	Loading extension 'screenshots@mozilla.org': Reading manifest: Invalid extension permission: resource://pdf.js/
1578943374987	addons.webextension.screenshots@mozilla.org	WARN	Loading extension 'screenshots@mozilla.org': Reading manifest: Invalid extension permission: about:reader*
1578943376185	Marionette	INFO	Listening on port 60684
1578943376262	Marionette	WARN	TLS certificate errors will be ignored for this session
JavaScript error: , line 0: TypeError: NetworkError when attempting to fetch resource.
